c:\users\amanp\onedrive\documents\visual studio 2017\projects\assn2\assn2\debug\vc141.pdb
c:\users\amanp\onedrive\documents\visual studio 2017\projects\assn2\assn2\debug\vc141.idb
c:\users\amanp\onedrive\documents\visual studio 2017\projects\assn2\assn2\debug\player.obj
c:\users\amanp\onedrive\documents\visual studio 2017\projects\assn2\assn2\debug\computer.obj
c:\users\amanp\onedrive\documents\visual studio 2017\projects\assn2\assn2\debug\guess.obj
c:\users\amanp\onedrive\documents\visual studio 2017\projects\assn2\assn2\debug\assn2.obj
c:\users\amanp\onedrive\documents\visual studio 2017\projects\assn2\assn2\debug\human.obj
c:\users\amanp\onedrive\documents\visual studio 2017\projects\assn2\debug\assn2.pdb
c:\users\amanp\onedrive\documents\visual studio 2017\projects\assn2\assn2\debug\assn2.tlog\cl.command.1.tlog
c:\users\amanp\onedrive\documents\visual studio 2017\projects\assn2\assn2\debug\assn2.tlog\cl.read.1.tlog
c:\users\amanp\onedrive\documents\visual studio 2017\projects\assn2\assn2\debug\assn2.tlog\cl.write.1.tlog
c:\users\amanp\onedrive\documents\visual studio 2017\projects\assn2\assn2\debug\assn2.tlog\link-cvtres.read.1.tlog
c:\users\amanp\onedrive\documents\visual studio 2017\projects\assn2\assn2\debug\assn2.tlog\link-cvtres.write.1.tlog
c:\users\amanp\onedrive\documents\visual studio 2017\projects\assn2\assn2\debug\assn2.tlog\link-rc.read.1.tlog
c:\users\amanp\onedrive\documents\visual studio 2017\projects\assn2\assn2\debug\assn2.tlog\link-rc.write.1.tlog
c:\users\amanp\onedrive\documents\visual studio 2017\projects\assn2\assn2\debug\assn2.tlog\link.8444-cvtres.read.1.tlog
c:\users\amanp\onedrive\documents\visual studio 2017\projects\assn2\assn2\debug\assn2.tlog\link.8444-cvtres.write.1.tlog
c:\users\amanp\onedrive\documents\visual studio 2017\projects\assn2\assn2\debug\assn2.tlog\link.8444-rc.read.1.tlog
c:\users\amanp\onedrive\documents\visual studio 2017\projects\assn2\assn2\debug\assn2.tlog\link.8444-rc.write.1.tlog
c:\users\amanp\onedrive\documents\visual studio 2017\projects\assn2\assn2\debug\assn2.tlog\link.8444.read.1.tlog
c:\users\amanp\onedrive\documents\visual studio 2017\projects\assn2\assn2\debug\assn2.tlog\link.8444.write.1.tlog
c:\users\amanp\onedrive\documents\visual studio 2017\projects\assn2\assn2\debug\assn2.tlog\link.command.1.tlog
c:\users\amanp\onedrive\documents\visual studio 2017\projects\assn2\assn2\debug\assn2.tlog\link.read.1.tlog
c:\users\amanp\onedrive\documents\visual studio 2017\projects\assn2\assn2\debug\assn2.tlog\link.write.1.tlog
